[  0.000000] Initiizng cou subsys cpuset
[    0.000000] Itializing cgroupubys c
    0.000000] Initializing cou subsys cpuacct
[  .000000] Linux version 44.0-11-genic (buldlgw0amd64-01)(gcc verson 5.0201609 (Ubunu 5.0-ubun1~6.04) ) #0-Ubuu SMP n Fe12213:04 U 218 (Unt 4.4.011.140enric 4.4.98)
[    0.000000] Command line: BOOT_IMAGE=/boot/vmlinuz-4.4.0-116enric root=LABEL=cloudimg-ootfs rocosole=tty1 console=ttyS
[    0.000000] KERNEL supported cpus:
[    0.000000]   Intel GenuineIntel
  0.000000]   AMD AuthenticAMD
[    0.000000] Cntaur CentaurHauls
[    0.000000] x86/fpu: tae_offset[2]:  576, xstate_sizes[2]: 256
[    0000000] 86fpu: SupptingSAE feur 0x01: 'x87 floating point risers'[    00000] 6/pu: Supporting XSAVE featurex0: 'SSE registe'[    0.000000] x8fp: Supporting XSAVE feature 0x04: 'AVX regists'
[  0000000] x86/fpu: Enabled xatfeates0x7, context size is 832 byt, sing 'standard' format.
[    0.000000] x86/fpu: Using 'lazy'PU ctet switches.
[    0.000000] e820: BIOS-proded physical RAM map:
[    0.000000] BIOS-e820: [mem 0x0000000000000000-0x000000000009fbff] usable
[    0.000000] BIOS-e820: [mem 0x000000000009fc00-0x000000000009ffff] reserved
[    0.000000] BIOS-e820: [mem0x00000000f0000-0x0000000000fffff] reserved
[    0.000000] BI-e20: [mem 0x0000000000100000-0x000000001efff] usable
[    0.000000] BIOS-e820: [mem 0x000000001f0000-0000001ffffff] CPI data
    0.000000] BIOS-e820: [mem 0x00000000f0000-0x00000000fec00fff] reserved
[    0.0000]BIOS82: [mem 0x00000000fee00000-0x000000e00fff] reserved
[    0.000000] BIOS-e820: [mem 0x00000000fffc0000-0x00000000ffffffff] rervd
[    0.000000] NX (ExecutDiableprtection: active
[    00000] MBIO2. present.
[    0.000000] Hypvior deced: KVM
[    0.000000] e820la_pfn = 0x1fff0 maxrc_pfn 0400000000
[    0.000000] MTRR: Dabled
[    0.000000] x86/PAT: MTR disle, skpig PAT initializatin oo.
[    0.000000] CPU MTRRs a bank - virtualizesyem.
[    0.000000] x86/PAT: Confiration [0-7]: WB  T C- UC  W  T  UC- UC  
[    0.000000] found SMP MP-tab a [mem 0x0009fff0-0x0009ffff] mapped at [fff800009f0
[    0.000000] Scannin 1areafo low memory corruption
[   .0000]RAMDK: [mem 0x1ed73000-0x1f809fff]
[    0.000] ACPI: Early tae hecksum verification disabled
[    0.000000] ACPI: RSDP 0x00000000000E0000 000024 (v02 VBOX  )
[    0.000000] ACPI: XSDT 0x000000001FFF0030 00003C (v01 VBOX   BOXXSDT 0000000 ASL  00000061)
[    0.00000] ACPI: FAP 0x000000001FFF00F000F4 (v0VBOX   VBOXFACP 00000001 AS 00000061)
[    0.00000] ACPI: DSDT 0x000000001FFF0470 0021FF (v02 VBOX   VBOXBIOS 00000002 INTL 20160108)
[    0.000000] ACPI: FACS 0x000000001FFF0200 000040
[    0.000000] ACPI: FACS 0x000000001FFF0200 000040
[    0.000000] ACPI: APIC 0x000000001FFF020 0005 (v0 VOX   VBOXAPIC 00000001 ASL  00000061)
[    0.000000] ACPI: SSDT 0x000000001FFF02A0 0001CC (v01 VBOX   VBOXCPUT 00000002 INTL 20160108)
[    0.000000] No NUMA configuration found
[    0.000000] Faking a node at [mem 0x0000000000000000-0x000000001ffeffff]
[    0.000000] NODE_DATA(0) allocated [mem 0x1ffeb000-0x1ffeffff]
[    0.000000] kvm-clock: Using msrs 4b564d01 and 4b564d00
[    0.000000] kvm-clock: cpu 0, msr 0:1ffe3001, primary cpu clock
[    0.000000] kvm-clock: using sched offset of 3068359094 cycles
[    0.000000] clocksource: kvm-clock: mask: 0xffffffffffffffff max_cycles: 0x1cd42e4dffb, max_idle_ns: 881590591483 ns
[    0.000000] Zone ranges:
[    0.000000]   DMA      [mem 0x0000000000001000-0x0000000000ffffff]
[    0.000000]   DMA32    [mem 0x0000000001000000-0x000000001ffeffff]
[    0.000000]   Normal   empty
[    0.000000]  Dvice   empty
[    0.000000] Movabl zone starfo eh ode
[    0.00000 Erly memory nde range
[   00000]   noe   0: [mem 0x000000000001000-0x00000000009ff]   0.000000]   node 0: [mem 0x000000000000-0x0000001ffeffff]
[    0.00000] Initm etup node 0 [mem0x0000000000001000-0x0000000ffeffff]
[   0.000000] ACPI: PM-mer IO Pt: 0x4008
[    0.000] IOAPIC[0]: ap_i2, vsin 32, address 0xfec00000, GSI 23
[    0.000000] AI:INT_SROVR (bus 0 bus_irq 0 globa_iq 2 dfl dfl)
[    00000] PI INT_SRC_OVR (bus bu_irq gobal_irq low level)
[  0.0000 Uing ACPI (MADT) for SMP configaton ioration
[    0.000000] smpboo Alowing 2 Cs, 0 hotplugCPs
[   .00000] PMRegiterenosaveemory:me 0x0000000-0x000fff][    0.00000] PM: gitered sae memory[memx009f0-00009ffff]
[    0.000] PM: Regierednove memor [mem x0a0000-0x000effff
[   0.000000] PM: Regteed nose emory: [mem 0x0f00-000ffff]
[  0.000000] e820: emx20000-0xfebfff] ailble for PCI devices
[  0.0000 Boongpavitualized kernel n M
[  0.00000] ccksocerefid-iffies: mask: 0xffffff max_cycles: 0xffffffff, max_ie_ns765519021568 ns[    0.00000] setu_percpu: NR_CPUS:5 nr_cpumak_its:512 nr_cpu_ids:2 nr_ode_s:
[    0.000000]ERU: Embedded 4 pages/cpu @ffff880fc0000 s99544 r819d3528 u1856
[    0.000000]  qspinlo hsh table entries: 6 (order: 0,4096yts)[    0.000000] Built 1 zoneltsin Node ordr, milty groupin on.  Total pages:2889
[    0000000] Policyon: DMA32
[    0.000000] Kernel command line: BOOT_IMAGE=/bootmlnuz-4.4.116-geer rooLAEL=cloudg-rootfs ro consol=ty1 console=ttyS0
[   0.000000] PID ha tble entries: 2048 rder: 2, 16384 bytes
[   .00000] emory:85608K523832K aailable (8530K kernel code, 1309K rwdata, 3992K rodata, 1508K init, 1316K bss, 38224K reserved, 0K cma-reserve)    00000] SLU: algn=6 Oder=0-, inObcts=0,PU=2, Noes1
[    0.000000] Kernel/Userag tabs solation: enabled
[    0.00000] Hierarchical RCU implenation.
[    0.0000] Builtie adjustment of leaf fanout  6
[  00000] RCU stictingCPs fr N_CPU=512to ncp_ids=2.
[    0.000 RCU Austing geotry r cu_fanout_leaf=6 n_cpu_ids=2
[    00000] NR_RQ:33024 nr_irqs:440 1
[    0.000000] Console: colour VGA+ 80x25
[    0.000000] console [tty1] enabl
    0.000000] cool [ttyS0] enabled
[    0.000000] tsc: Detected 2904.010 MHz processor
[   25.354870] Calibrating delay loop (skipped) preset value.. 5808.02 BogoMIPS (lpj=11616040)
[   25.582264] pid_max: default: 32768 minimum: 301
[   25.717427] ACPI: Core revision 20150930
[   25.820634] ACPI: 2 ACPI AML tables successfully acquired and loaded
[   25.993854] Security Framework initialized
[   26.119878] Yama: becoming mindful.
[   26.224368] AppArmor: AppArmor initialized
[   26.332093] Dentry cache hash table entries: 65536 (order: 7, 524288 bytes)
[   26.523647] Inode-cache hash table entries: 32768 (order: 6, 262144 bytes)
[   26.729395] Mount-cache hash table entries: 1024 (order: 1, 8192 bytes)
[   26.922319] Mountpoint-cache hash table entries: 1024 (order: 1, 8192 bytes)
[   27.115580] Initializing cgroup subsys io
[   27.223097] Initializing cgroup subsys memory
[   27.342085] Initializing cgroup subsys devices
[   27.470726] Initializing cgroup subsys freezer
[   27.597397] Initializing cgroup subsys net_cls
[   27.721820] Initializing cgroup subsys perf_event
[   27.861264] Initializing cgroup subsys net_prio
[   27.986935] Initializing cgroup subsys hugetlb
[   28.115661] Initializing cgroup subsys pids
[   28.240925] CPU: Physical Processor ID: 0
[   28.356385] CPU: Processor Core ID: 0
[   28.460323] FEATURE SPEC_CTRL Not Present
[   28.575222] mce: CPU supports 0 MCE banks
[   28.688948] Last level iTLB entries: 4KB 64, 2MB 8, 4MB 8
[   28.841428] Last level dTLB entries: 4KB 64, 2MB 0, 4MB 0, 1GB 4
[   29.020297] Spectre V2 mitigation: Mitigation: Full generic retpoline
[   29.194518] Spectre V2 mitigation: Speculation control IBPB not-supported IBRS not-supported
[   29.406909] Freeing SMP alternatives memory: 32K
[   29.554731] ftrace: allocating 32186 entries in 126 pages
[   29.763331] smpboot: APIC(0) Converting physical 0 to logical package 0
[   29.948361] smpboot: Max logical packages: 1
[   30.067646] x2apic enabled
[   30.146589] Switched APIC routing to physical x2apic.
[   30.282590] ..TIMER: vector=0x30 apic1=0 pin1=2 apic2=-1 pin2=-1
[   30.561292] smpboot: CPU0: Intel(R) Core(TM) i7-7820HQ CPU @ 2.90GHz (family: 0x6, model: 0x9e, stepping: 0x9)
[   30.852166] Performance Events: unsupported p6 CPU model 158 no PMU driver, software events only.
[   31.096297] KVM setup paravirtual spinlock
[   31.212291] x86: Booting SMP configuration:
[   31.327906] .... node  #0, CPUs:      #1
[   31.440094] kvm-clock: cpu 1, msr 0:1ffe3041, secondary cpu clock
[   31.746226] mce: CPU supports 0 MCE banks
[   31.931581] x86: Booted up 1 node, 2 CPUs
[   32.044333] smpboot: Total of 2 processors activated (11616.04 BogoMIPS)
[   32.214597] devtmpfs: initialized
[   32.298868] evm: security.selinux
[   32.377713] evm: security.SMACK64
[   32.458787] evm: security.SMACK64EXEC
[   32.460505] evm: security.SMACK64TRANSMUTE
[   32.462858] evm: security.SMACK64MMAP
[   32.560653] evm: security.ima
[   32.636935] evm: security.capability
[   32.763103] clocksource: jiffies: mask: 0xffffffff max_cycles: 0xffffffff, max_idle_ns: 7645041785100000 ns
[   32.892601] futex hash table entries: 512 (order: 3, 32768 bytes)
[   33.079728] pinctrl core: initialized pinctrl subsystem
[   33.255130] RTC time:  2:04:23, date: 03/23/18
[   33.343575] NET: Registered protocol family 16
[   33.476791] cpuidle: using governor ladder
[   33.605245] cpuidle: using governor menu
[   33.718227] PCCT header not found.
[   33.806033] ACPI: bus type PCI registered
[   33.908556] acpiphp: ACPI Hot Plug PCI Controller Driver version: 0.5
[   34.081366] PCI: Using configuration type 1 for base access
[   34.242353] ACPI: Added _OSI(Module Device)
[   34.353367] ACPI: Added _OSI(Processor Device)
[   34.475408] ACPI: Added _OSI(3.0 _SCP Extensions)
[   34.597869] ACPI: Added _OSI(Processor Aggregator Device)
[   34.748413] ACPI: Executed 1 blocks of module-level executable AML code
[   34.917892] ACPI: Interpreter enabled
[   35.023864] ACPI: (supports S0 S5)
[   35.099511] ACPI: Using IOAPIC for interrupt routing
[   35.222199] PCI: Using host bridge windows from ACPI; if necessary, use "pci=nocrs" and report a bug
[   35.497092] ACPI: PCI Root Bridge [PCI0] (domain 0000 [bus 00-ff])
[   35.660002] acpi PNP0A03:00: _OSC: OS supports [ASPM ClockPM Segments MSI]
[   35.809413] acpi PNP0A03:00: _OSC: not requesting OS control; OS requires [ExtendedConfig ASPM ClockPM MSI]
[   36.059193] acpi PNP0A03:00: fail to add MMCONFIG information, can't access extended PCI configuration space under this bridge.
[   36.390169] PCI host bridge to bus 0000:00
[   36.501355] pci_bus 0000:00: root bus resource [io  0x0000-0x0cf7 window]
[   36.690977] pci_bus 0000:00: root bus resource [io  0x0d00-0xffff window]
[   36.885015] pci_bus 0000:00: root bus resource [mem 0x000a0000-0x000bffff window]
[   37.102976] pci_bus 0000:00: root bus resource [mem 0x20000000-0xfdffffff window]
[   37.299890] pci_bus 0000:00: root bus resource [bus 00-ff]
[   37.459653] pci 0000:00:01.1: legacy IDE quirk: reg 0x10: [io  0x01f0-0x01f7]
[   37.679663] pci 0000:00:01.1: legacy IDE quirk: reg 0x14: [io  0x03f6]
[   37.868686] pci 0000:00:01.1: legacy IDE quirk: reg 0x18: [io  0x0170-0x0177]
[   38.071877] pci 0000:00:01.1: legacy IDE quirk: reg 0x1c: [io  0x0376]
[   38.284741] pci 0000:00:07.0: quirk: [io  0x4000-0x403f] claimed by PIIX4 ACPI
[   38.461825] pci 0000:00:07.0: quirk: [io  0x4100-0x410f] claimed by PIIX4 SMB
[   38.669862] ACPI: PCI Interrupt Link [LNKA] (IRQs 5 9 10 *11)
[   38.813532] ACPI: PCI Interrupt Link [LNKB] (IRQs 5 9 *10 11)
[   38.953256] ACPI: PCI Interrupt Link [LNKC] (IRQs 5 *9 10 11)
[   39.102260] ACPI: PCI Interrupt Link [LNKD] (IRQs 5 9 10 *11)
[   39.232508] ACPI: Enabled 2 GPEs in block 00 to 07
[   39.322243] vgaarb: setting as boot device: PCI:0000:00:02.0
[   39.479696] vgaarb: device added: PCI:0000:00:02.0,decodes=io+mem,owns=io+mem,locks=none
[   39.682858] vgaarb: loaded
[   39.744506] vgaarb: bridge control possible 0000:00:02.0
[   39.901656] SCSI subsystem initialized
[   39.990008] ACPI: bus type USB registered
[   40.111268] usbcore: registered new interface driver usbfs
[   40.271438] usbcore: registered new interface driver hub
[   40.417325] usbcore: registered new device driver usb
[   40.570665] PCI: Using ACPI for IRQ routing
[   40.681773] NetLabel: Initializing
[   40.777719] NetLabel:  domain hash size = 128
[   40.898012] NetLabel:  protocols = UNLABELED CIPSOv4
[   41.027098] NetLabel:  unlabeled traffic allowed by default
[   41.185018] amd_nb: Cannot enumerate AMD northbridges
[   41.291232] clocksource: Switched to clocksource kvm-clock
[   41.459738] AppArmor: AppArorFisyemnaed
[   41.898544pn P AI it[ 42665]npPnAC: un3 vis
[   42.891589] clocksource: acpi_pm: mask: 0xffffff max_cycles: 0xffffff, max_idle_ns: 2085701024 ns
[   43.727382] NET: Registered protocol family 2
[   44.151570] TCP established hash table entries: 4096 (order: 3, 32768 bytes)
[   44.295141] TCP bind hash table entries: 4096 (order: 4, 65536 bytes)
[   44.332963] TCP: Hash tables configured (estallished 4096 bind 4096)
[   44.633095] UDP hash table entries: 256 (order: 1, 8192 bytes)
[   44.636069] UDP-Lite hash table entries: 256 (order: 1, 8192 bytes)
[   44.655152] NET: Registered protocol family 1
[   44.657186] pci 0000:00:00.0: Limiting direct PCI/PCI transfers
[   44.660343] pci 0000:00:01.0: Activating ISA DMA hang workarounds
[   44.831963] Unpacking initramfs...
[   46.927797] Freeing initrd memory: 10844K
[   47.036761] platform rtc_cmos: registered platform RTC device (no PNP device found)
[   47.258646] Scanning for low memory corruption every 60 seconds
[   47.420705] audit: initializing netlink subsys (disabled)
[   47.563600] audit: type=2000 audit(1521770641.605:1): initialized
[   47.719505] Initialise system trusted keyring
[   47.839946] HugeTLB registered 2 MB page size, pre-allocated 0 pages
[   48.014507] zbud: loaded
[   48.060] c:efedSClosocealraon29.0 M
[   48.879369] clocksource: tsc: mask:xffffffff x_cl: 2918ef m_ie_: 072230 ns[   48.87909VF Dk ot dot.6
[   48.879950] VFS: Dquot-cache hash table entries: 512 (order 0, 4096 bytes)
[   48.880299] squashfs: version 4.0 (2009/01/31) Phillip Lougher
[   48.880611] fuse init (API version 7.23)
[   48.880777] Key type big_key registered
[   48.880826] Allocating IMA MOK and blacklist keyrings.
[   48.881136] Key type asymmetric registered
[   48.881138] Asymmetric key parser 'x509' registered
[   48.881186] Block layer SCSI generic (bsg) driver version 0.4 loaded (major 249)
[   48.881222] io scheduler noop registered
[   48.881225] io scheduler deadline registered (default)
[   48.881264] io scheduler cfq registered
[   48.881395] pci_hotplug: PCI Hot Plug PCI Core version: 0.5
[   48.881403] pciehp: PCI Express Hot Plug Controller Driver version: 0.4
[   48.881559] ACPI: AC Adapter [AC] (on-line)
[   48.881631] input: Power Button as /devices/LNXSYSTM:00/LNXPWRBN:00/input/input0
[   48.881635] ACPI: Power Button [PWRF]
[   48.881716] input: Sleep Button as /devices/LNXSYSTM:00/LNXSLPBN:00/input/input1
[   48.881718] ACPI: Sleep Button [SLPF]
[   48.881886] GHES: HEST is not enabled!
[   48.881999] Serial: 8250/16550 driver, 32 ports, IRQ sharing enabled
[   49.978423] 00:02: ttyS0 at I/O 0x3f8 (irq = 4, base_baud = 115200) is a 16550A
[   50.444938] Linux agpgart interface v0.103
[   50.992723] ACPI: Battery Slot [BAT0] (battery present)
[   50.993623] loop: module loaded
[   50.994136] scsi host0: ata_piix
[   50.994190] scsi host1: ata_piix
[   50.994220] ata1: PATA max UDMA/33 cmd 0x1f0 ctl 0x3f6 bmdma 0xd000 irq 14
[   50.994221] ata2: PATA max UDMA/33 cmd 0x170 ctl 0x376 bmdma 0xd008 irq 15
[   50.994300] libphy: Fixed MDIO Bus: probed
[   50.994302] tun: Universal TUN/TAP device driver, 1.6
[   50.994303] tun: (C) 1999-2004 Max Krasnyansky <maxk@qualcomm.com>
[   50.994616] PPP generic driver version 2.4.2
[   50.994681] ehci_hcd: USB 2.0 'Enhanced' Host Controller (EHCI) Driver
[   50.994685] ehci-pci: EHCI PCI platform driver
[   50.994707] ehci-platform: EHCI generic platform driver
[   50.994715] ohci_hcd: USB 1.1 'Open' Host Controller (OHCI) Driver
[   50.994718] ohci-pci: OHCI PCI platform driver
[   50.994725] ohci-platform: OHCI generic platform driver
[   50.994732] uhci_hcd: USB Universal Host Controller Interface driver
[   50.994789] i8042: PNP: PS/2 Controller [PNP0303:PS2K,PNP0f03:PS2M] at 0x60,0x64 irq 1,12
[   51.141504] serio: i8042 KBD port at 0x60,0x64 irq 1
[   51.141520] serio: i8042 AUX port at 0x60,0x64 irq 12
[   51.141756] mousedev: PS/2 mouse device common for all mice
[   51.142569] rtc_cmos rtc_cmos: rtc core: registered rtc_cmos as rtc0
[   51.142699] rtc_cmos rtc_cmos: alarms up to one day, 114 bytes nvram
[   51.142720] i2c /dev entries driver
[   51.142811] device-mapper: uevent: version 1.0.3
[   51.142908] device-mapper: ioctl: 4.34.0-ioctl (2015-10-28) initialised: dm-devel@redhat.com
[   51.142939] ledtrig-cpu: registered to indicate activity on CPUs
[   51.143329] NET: Registered protocol family 10
[   51.143962] NET: Registered protocol family 17
[   51.143976] Key type dns_resolver registered
[   51.480727] microcode: CPU0 sig=0x906e9, pf=0x2, revision=0x0
[   51.480824] microcode: CPU1 sig=0x906e9, pf=0x2, revision=0x0
[   51.480902] microcode: Microcode Update Driver: v2.01 <tigran@aivazian.fsnet.co.uk>, Peter Oruba
[   51.481033] registered taskstats version 1
[   51.481046] Loading compiled-in X.509 certificates
[   51.481654] Loaded X.509 cert 'Build time autogenerated kernel key: aa84f01984fbd529c105810b59e379d349698248'
[   51.481676] zswap: loaded using pool lzo/zbud
[   51.483199] Key type trusted registered
[   51.485928] Key type encrypted registered
[   51.485934] AppArmor: AppArmor sha1 policy hashing enabled
[   51.485937] ima: No TPM chip found, activating TPM-bypass!
[   51.485954] evm: HMAC attrs: 0x1
[   51.486251]   Magic number: 10:431:56
[   51.486257] input mice: hash matches
[   51.751222] rtc_cmos rtc_cmos: setting system clock to 2018-03-23 02:04:41 UTC (1521770681)
[   51.751374] BIOS EDD facility v0.16 2004-Jun-25, 0 devices found
[   51.751374] EDD information not available.
[   52.468453] input: AT Translated Set 2 keyboard as /devices/platform/i8042/serio0/input/input2
[   61.865755] Freeing unused kernel memory: 1508K
[   62.311193] Write protecting the kernel read-only data: 14336k
[   62.881834] Freeing unused kernel memory: 1700K
[   63.331780] Freeing unused kernel memory: 104K
Loading, please [   63.788357] random: systemd-udevd: uninitialized urandom read (16 bytes read, 11 bits of entropy available)
wait...
startin[   63.790036] random: udevadm: uninitialized urandom read (16 bytes read, 11 bits of entropy available)
g version 229
[   63.790070] random: udevadm: uninitialized urandom read (16 bytes read, 11 bits of entropy available)
[   63.800789] random: udevadm: uninitialized urandom read (16 bytes read, 11 bits of entropy available)
[   63.800852] random: udevadm: uninitialized urandom read (16 bytes read, 11 bits of entropy available)
[   63.801024] random: udevadm: uninitialized urandom read (16 bytes read, 11 bits of entropy available)
[   63.801089] random: udevadm: uninitialized urandom read (16 bytes read, 11 bits of entropy available)
[   63.801137] random: udevadm: uninitialized urandom read (16 bytes read, 11 bits of entropy available)
[   63.801187] random: udevadm: uninitialized urandom read (16 bytes read, 11 bits of entropy available)
[   63.801235] random: udevadm: uninitialized urandom read (16 bytes read, 11 bits of entropy available)
[   71.712379] e1000: Intel(R) PRO/1000 Network Driver - version 7.3.21-k8-NAPI
[   72.169827] e1000: Copyright (c) 1999-2006 Intel Corporation.
[   72.755637] Fusion MPT base driver 3.04.20
[   73.081144] Copyright (c) 1999-2008 LSI Corporation
[   73.572405] Fusion MPT SPI Host driver 3.04.20
[   74.026352] input: ImExPS/2 Generic Explorer Mouse as /devices/platform/i8042/serio1/input/input4
[   74.039349] AVX2 version of gcm_enc/dec engaged.
[   74.039350] AES CTR mode by8 optimization enabled
[   75.458113] e1000 0000:00:03.0 eth0: (PCI:33MHz:32-bit) 02:ec:c5:86:c8:d5
[   76.041178] e1000 0000:00:03.0 eth0: Intel(R) PRO/1000 Network Connection
[   76.691294] floppy0: no floppy controllers found
[   77.048472] e1000 0000:00:08.0 eth1: (PCI:33MHz:32-bit) 08:00:27:6a:be:4f
[   77.721153] e1000 0000:00:08.0 eth1: Intel(R) PRO/1000 Network Connection
[   78.409472] e1000 0000:00:03.0 enp0s3: renamed from eth0
[   78.558948] mptbase: ioc0: Initiating bringup
[   79.061097] e1000 0000:00:08.0 enp0s8: renamed from eth1
[   80.023514] ioc0: LSI53C1030 A0: Capabilities={Initiator}
[   80.605386] scsi host2: ioc0: LSI53C1030 A0, FwRev=00000000h, Ports=1, MaxQ=256, IRQ=20
[   81.484024] scsi 2:0:0:0: Direct-Access     VBOX     HARDDISK         1.0  PQ: 0 ANSI: 5
[   82.052317] scsi target2:0:0: Beginning Domain Validation
[   82.321851] scsi target2:0:0: Domain Validation skipping write tests
[   82.509241] scsi target2:0:0: Ending Domain Validation
[   82.652907] scsi target2:0:0: asynchronous
[   82.777657] scsi 2:0:1:0: Direct-Access     VBOX     HARDDISK         1.0  PQ: 0 ANSI: 5
[   83.017001] scsi target2:0:1: Beginning Domain Validation
[   83.179946] scsi target2:0:1: Domain Validation skipping write tests
[   83.941119] scsi target2:0:1: Ending Domain Validation
[   84.084033] scsi target2:0:1: asynchronous
[   84.213775] sd 2:0:0:0: [sda] 20971520 512-byte logical blocks: (10.7 GB/10.0 GiB)
[   84.445129] sd 2:0:0:0: Attached scsi generic sg0 type 0
[   84.941582] sd 2:0:0:0: [sda] Write Protect is off
[   85.246637] sd 2:0:1:0: Attached scsi generic sg1 type 0
[   85.248193] sd 2:0:0:0: [sda] Incomplete mode parameter data
[   85.248195] sd 2:0:0:0: [sda] Assuming drive cache: write through
[   85.531793] sd 2:0:1:0: [sdb] 20480 512-byte logical blocks: (10.5 MB/10.0 MiB)
[   85.532275] sd 2:0:1:0: [sdb] Write Protect is off
[   85.532440] sd 2:0:1:0: [sdb] Incomplete mode parameter data
[   85.532442] sd 2:0:1:0: [sdb] Assuming drive cache: write through
[   85.533269]  sda: sda1
[   85.534247] sd 2:0:0:0: [sda] Attached SCSI disk
[   85.539026] sd 2:0:1:0: [sdb] Attached SCSI disk
Begin: Loading e[   90.194372] md: linear personality registered for level -1
ssential drivers[   90.365264] md: multipath personality registered for level -4
 ... [   90.537722] md: raid0 personality registered for level 0
[   91.073794] md: raid1 personality registered for level 1
[   91.711323] raid6: sse2x1   gen()  8048 MB/s
[   92.230624] raid6: sse2x1   xor()  6618 MB/s
[   92.750617] raid6: sse2x2   gen() 11788 MB/s
[   93.200623] raid6: sse2x2   xor()  7790 MB/s
[   93.733864] raid6: sse2x4   gen() 11912 MB/s
[   94.187648] raid6: sse2x4   xor()  7968 MB/s
[   94.660648] raid6: avx2x1   gen() 17282 MB/s
[   95.115515] raid6: avx2x2   gen() 18577 MB/s
[   95.590663] raid6: avx2x4   gen() 21836 MB/s
[   96.011129] raid6: using algorithm avx2x4 gen() 21836 MB/s
[   96.195385] raid6: using avx2x2 recovery algorithm
[   96.204885] xor: automatically using best checksumming function:
[   96.319285]    avx       : 16969.000 MB/sec
[   96.408666] async_tx: api initialized (async)
[   96.519560] md: raid6 personality registered for level 6
[   96.547843] md: raid5 personality registered for level 5
[   96.572597] md: raid4 personality registered for level 4
[   96.686408] md: raid10 personality registered for level 10
done.
Begin: Running /scripts/init-p[   96.781317] Btrfs loaded
remount ... done.
Begin: Mounting root file system ... Begin: Running /scripts/local-top ... done.
Begin: Running /scripts/local-premount ... Scanning for Btr[   96.942693] EXT4-fs (sda1): mounted filesystem with ordered data mode. Opts: (null)
fs filesystems
done.
Warning: fsck not present, so skipping root file system
done.
Begin: Running /scripts/local-bottom ... done.
Begin: Running /scripts/init-bottom ... done.
[   97.294188] systemd[1]: systemd 229 running in system mode. (+PAM +AUDIT +SELINUX +IMA +APPARMOR +SMACK +SYSVINIT +UTMP +LIBCRYPTSETUP +GCRYPT +GNUTLS +ACL +XZ -LZ4 +SECCOMP +BLKID +ELFUTILS +KMOD -IDN)
[   99.012201] systemd[1]: Detected virtualization oracle.
[   99.446475] systemd[1]: Detected architecture x86-64.
[   99.921355] random: nonblocking pool is initialized

Welcome to [1mUbuntu 16.04.4 LTS[0m!

[  100.099647] systemd[1]: Set hostname to <ubuntu>.
[  100.582147] systemd[1]: Initializing machine ID from random generator.
[  101.121138] systemd[1]: Installed transient /etc/machine-id file.
[  101.854476] systemd[1]: Listening on Device-mapper event daemon FIFOs.
[[0;32m  OK  [0m] Listening on Device-mapper event daemon FIFOs.
[  102.511526] systemd[1]: Listening on Syslog Socket.
[[0;32m  OK  [0m] Listening on Syslog Socket.
[  102.973172] systemd[1]: Reached target Swap.
[[0;32m  OK  [0m] Reached target Swap.
[  103.347574] systemd[1]: Started Forward Password Requests to Wall Directory Watch.
[[0;32m  OK  [0m] Started Forward Password Requests to Wall Directory Watch.
[  104.027816] systemd[1]: Listening on LVM2 metadata daemon socket.
[[0;32m  OK  [0m] Listening on LVM2 metadata daemon socket.
[  104.659946] systemd[1]: Created slice User and Session Slice.
[[0;32m  OK  [0m] Created slice User and Session Slice.
[  105.259460] systemd[1]: Reached target Encrypted Volumes.
[[0;32m  OK  [0m] Reached target Encrypted Volumes.
[  105.839548] systemd[1]: Listening on udev Control Socket.
[[0;32m  OK  [0m] Listening on udev Control Socket.
[  106.400275] systemd[1]: Set up automount Arbitrary Executable File Formats File System Automount Point.
[[0;32m  OK  [0m] Set up automount Arbitrary Executab...ats File System Automount Point.
[  107.331489] systemd[1]: Listening on Journal Socket (/dev/log).
[[0;32m  OK  [0m] Listening on Journal Socket (/dev/log).
[  107.951940] systemd[1]: Listening on Journal Audit Socket.
[[0;32m  OK  [0m] Listening on Journal Audit Socket.
[  108.552313] systemd[1]: Created slice System Slice.
[[0;32m  OK  [0m] Created slice System Slice.
[  109.060144] systemd[1]: Created slice system-serial\x2dgetty.slice.
[[0;32m  OK  [0m] Created slice system-serial\x2dgetty.slice.
[  109.594029] systemd[1]: Reached target Slices.
[[0;32m  OK  [0m] Reached target Slices.
[  109.971514] systemd[1]: Listening on LVM2 poll daemon socket.
[[0;32m  OK  [0m] Listening on LVM2 poll daemon socket.
[  110.583607] systemd[1]: Listening on Journal Socket.
[[0;32m  OK  [0m] Listening on Journal Socket.
[  111.127489] systemd[1]: Starting Monitoring of LVM2 mirrors, snapshots etc. using dmeventd or progress polling...
         Starting Monitoring of LVM2 mirrors... dmeventd or progress polling...
[  112.237839] systemd[1]: Starting Journal Service...
         Starting Journal Service...
[  112.723577] systemd[1]: Starting Set cnnsole keymap...
         Starting Set console keymap...
[  113.243509] systemd[1]: Starting Remount Root and Kernel File Systems...
[  113.246807] EXT4-fs (sda1): re-mounted. Opts: (null)
         Starting Remount Root and Kernel File Systems...
[  114.495504] systemd[1]: Mounting POSIX Message Queue File System...
         Mounting POSIX Message Queue File System...
[  115.071480] systemd[1]: Starting Load Kernel Modules...
         Startin[  115.303496] Loading iSCSI transport class v2.0-870.
g Load Kernel Mo[  115.892151] iscsi: registered transport (tcp)
dules...
[  116.422925] iscsi: registered transport (iser)
[  116.795382] systemd[1]: Starting Nameserver information manager...
         Starting Nameserver information manager...
[  116.939496] systemd[1]: Starting Uncomplicated firewall...
         Starting Uncomplicated firewall...
[  116.994979] systemd[1]: Started Trigger resolvconf update for networkd DNS.
[[0;32m  OK  [0m] Started Trigger resolvconf update for networkd DNS.
[  117.308744] systemd[1]: Starting Create list of required static device nodes for the current kernel...
         Starting Create list of required st... nodes for the current kernel...
[  117.527584] systemd[1]: Listening on udev Kernel Socket.
[[0;32m  OK  [0m] Listening on udev Kernel Socket.
[  117.879451] systemd[1]: Mounting Debug File System...
         Mounting Debug File System...
[  118.067492] sysem1]RehetaetseanGrp meoops

[[0;32m  OK  [0m] Reached target User and Group Name Lookups.
[  118.895534] systemd[1]: Mounting Huge Pages File System...
         Mounting Huge Pages File System...
[  119.095534] systemd[1]: Listni o/d/itc Cpabityam Pe.
[[0;32m  OK  [0m] Listening on /dev/initctl Compatibility Named Pipe.
[  120.048646] systemd[1]: Mounted Huge Pages File System.
[[0;32m  OK  [0m] Mounted Huge Pages File System.
[  120.255532] systemd[1]: Mount PIXesgeue Fe st.
[[0;32m  OK  [0m] Mounted POSIX Message Queue File System.
[  120.947620] systemd[1]: Mounted Debug File System.
[[0;32m  OK  [0m] Mounted Debug File System.
[  121.275665] syste[1 Srt Jrn Svi.
[[0;32m  OK  [0m] Started Journal Service.
[[0;32m  OK  [0m] Started Set console keymap.
[[0;32m  OK  [0m] Started Remount Root and Kernel File Systems.
[[0;32m  OK  [0m] Started Load Kernel Modules.
[[0;32m  OK  [0m] Started Uncomplicated firewall.
[[0;32m  OK  [0m] Started Create list of required sta...ce nodes for the current kernel.
[[0;32m  OK  [0m] Started Nameserver information manager.
[[0;32m  OK  [0m] Started LVM2 metadata daemon.
         Starting Create Static Device Nodes in /dev...
         Starting Apply Kernel Variables...
         Mounting FUSE Control File System...
         Starting Initial cloud-init job (pre-networking)...
         Starting Load/Save Random Seed...
         Starting udev Coldplug all Devices...
         Starting Flush Journal to Persistent Storage...
[[0;32m  OK  [0m] Mounted FUSE Control File System.
[[0;32m  OK  [0m] Started Monitoring of LVM2 mirrors,...ng dmeventd or progress polling.
[[0;32m  OK  [0m] Started Create Static Device Nodes in /dev.
[[0;32m  OK  [0m] Started Apply Kernel Variables.
[[0;32m  OK  [0m] Started Load/Save Random Seed.
[[0;32m  OK  [0m] Started udev Coldplug all Devices.
[   83.203017] cloud-init[448]: Cloud-init v. 17.2 running 'init-local' at Fri, 23 Mar 2018 02:05:53 +0000. Up 82.93 seconds.
[[0;32m  OK  [0m] Started Initial cloud-init job (pre-networking).
[[0;32m  OK  [0m] Started Flush Journal to Persistent Storage.
[[0;32m  OK  [0m] Reached target Network (Pre).
         Starting udev Kernel Device Manager...
[[0;32m  OK  [0m] Started udev Kernel Device Manager.
[[0;32m  OK  [0m] Found device /dev/ttyS0.
[[0;32m  OK  [0m] Listening on Load/Save RF Kill Switch Status /dev/rfkill Watch.
[[0;32m  OK  [0m] Reached target Local File Systems (Pre).
[[0;32m  OK  [0m] Reached target Local File Systems.
         Starting Tell Plymouth To Write Out Runtime Data...
         Starting Set console font and keymap...
         Starting Create Volatile Files and Directories...
         Starting LSB: AppArmor initialization...
         Starting Commit a transient machine-id on disk...
[[0;32m  OK  [0m] Started Dispatch Password Requests to Console Directory Watch.
[[0;32m  OK  [0m] Started Tell Plymouth To Write Out Runtime Data.
[[0;32m  OK  [0m] Started Set console font and keymap.
[[0;32m  OK  [0m] Started Create Volatile Files and Directories.
[[0;32m  OK  [0m] Started Commit a transient machine-id on disk.
[[0;32m  OK  [0m] Found device 82540EM Gigabit Ethern...r (PRO/1000 MT Desktop Adapter).
[[0;32m  OK  [0m] Reached target System Time Synchronized.
         Starting Update UTMP about System Boot/Shutdown...
[[0;32m  OK  [0m] Created slice system-getty.slice.
[[0;32m  OK  [0m] Started Update UTMP about System Boot/Shutdown.
[[0;32m  OK  [0m] Started LSB: AppArmor initialization.
[[0;32m  OK  [0m] Started ifup for enp0s3.
         Starting Raise network interfaces...
[[0;32m  OK  [0m] Started Raise network interfaces.
[[0;32m  OK  [0m] Reached target Network.
         Starting Initial cloud-init job (metadata service crawler)...
[   87.990834] cloud-init[968]: Cloud-init v. 17.2 running 'init' at Fri, 23 Mar 2018 02:05:57 +0000. Up 87.39 seconds.
[   88.184983] cloud-init[968]: ci-info: ++++++++++++++++++++++++++++++++++++++Net device info++++++++++++++++++++++++++++++++++++++
[   88.365250] cloud-init[968]: ci-info: +--------+-------+----------------------------+---------------+-------+-------------------+
[   88.553008] cloud-init[968]: ci-info: | Device |   Up  |          Address           |      Mask     | Scope |     Hw-Address    |
[   88.793721] cloud-init[968]: ci-info: +--------+-------+----------------------------+---------------+-------+-------------------+
[   88.793995] cloud-init[968]: ci-info: | enp0s3 |  True |         10.0.2.15          | 255.255.255.0 |   .   | 02:ec:c5:86:c8:d5 |
[   88.794091] cloud-init[968]: ci-info: | enp0s3 |  True | fe80::ec:c5ff:fe86:c8d5/64 |       .       |  link | 02:ec:c5:86:c8:d5 |
[   88.794179] cloud-init[968]: ci-info: | enp0s8 | False |             .              |       .       |   .   | 08:00:27:6a:be:4f |
[   88.794283] cloud-init[968]: ci-info: |   lo   |  True |         127.0.0.1          |   255.0.0.0   |   .   |         .         |
[   88.794375] cloud-init[968]: ci-info: |   lo   |  True |          ::1/128           |       .       |  host |         .         |
[   88.794487] cloud-init[968]: ci-info: +--------+-------+----------------------------+---------------+-------+-------------------+
[   88.794610] cloud-init[968]: ci-info: +++++++++++++++++++++++++++Route IPv4 info++++++++++++++++++++++++++++
[   88.794715] cloud-init[968]: ci-info: +-------+-------------+----------+---------------+-----------+-------+
[   88.794839] cloud-init[968]: ci-info: | Route | Destination | Gateway  |    Genmask    | Interface | Flags |
[   88.794970] cloud-init[968]: ci-info: +-------+-------------+----------+---------------+-----------+-------+
[   88.795167] cloud-init[968]: ci-info: |   0   |   0.0.0.0   | 10.0.2.2 |    0.0.0.0    |   enp0s3  |   UG  |
[   88.795261] cloud-init[968]: ci-info: |   1   |   10.0.2.0  | 0.0.0.0  | 255.255.255.0 |   enp0s3  |   U   |
[   88.795349] cloud-init[968]: ci-info: +-------+-------------+----------+---------------+-----------+-------+
[   88.795440] cloud-init[968]: Generating public/private rsa key pair.
[   88.795528] cloud-init[968]: Your identification has been saved in /etc/ssh/ssh_host_rsa_key.
[   88.795615] cloud-init[968]: Your public key has been saved in /ett/ssh/ssh_host_rsa_key.pub.
[   88.795701] cloud-init[968]: The key fingerprint is:
[   88.795786] cloud-init[968]: SHA256:dryHmJarreUp/kNQPnrGUUmFUORrIzIFO1lsG+/OemE root@ubuntu-xenial
[   88.795874] cloud-init[968]: The key's randomart image is:
[   88.795960] cloud-init[968]: +---[RSA 2048]----+
[   88.796051] cloud-init[968]: |      ..o=++.    |
[   88.796141] cloud-init[968]: |       ==.+      |
[   88.796227] cloud-init[968]: |      ++.=.      |
[   88.796339] cloud-init[968]: |      .o=...     |
[   88.796429] cloud-init[968]: |      o+S+*      |
[[0;32m  OK  [0m] Started Initial cloud-init job (metadata service crawler).
[   88.796629] cloud-init[968]: |      .+=BE+     |
[   91.927474] cloud-init[968]: |       +*+o..    |
[   91.981147] cloud-init[968]: |      .=.o+.     |
[   92.032300] cloud-init[968]: |     .+=B+       |
[   92.088398] cloud-init[968]: +----[SHA256]-----+
[   92.152628] cloud-init[968]: Generating public/private dsa key pair.
[[0;32m  OK  [0m] Reached target System Initialization.
[[0;32m  OK  [0m] Listening on D-Bus System Message Bus Socket.
[[0;32m  OK  [0m] Started Daily Cleanup of Temporary Directories.
[   92.231638]          cloud-initStarting Socket activation for snappy daemon.[968]: 
Your identification has been saved in /etc/ssh/ssh_host_dsa_key.
[   92.612312] [cloud-init[0;32m  OK  [0m[968]: ] Your public key has been saved in /etc/ssh/ssh_host_dsa_key.pub.Started Timer to automatically refresh installed snaps.

[[0;32m  OK  [0m] Listening on ACPID Listen Socket.
[[0;32m  OK  [0m] Started Daily apt download activities.
[   92.612687] cloud-init[968]: The key fingerprint is:
[   92.983512] [cloud-init[0;32m  OK  [0m[968]: ] SHA256:YjEvJJd1WvuQ8BVJjSnhlg1LX3FMXeN5a+zsrBzXY1o root@ubuntu-xenialListening on UUID daemon activation socket.

[   92.983888] cloud-init[968]: The key's randomart image is:
[   93.240326] [cloud-init[0;32m  OK  [0m[968]: ] +---[DSA 1024]----+Started Daily apt upgrade and clean activities.

[[0;32m  OK  [0m] Reached target Timers.
[   93.240725] cloud-init[968]: |        o *o+*o=*|
[   93.488253] [cloud-init[0;32m  OK  [0m[968]: ] |       o O.X+.o.=|Started ACPI Events Check.

[[0;32m  OK  [0m] Reached target Paths.
[   93.488677] cloud-init[968]: |    . * . X.o  o.|
[   93.692369] cloud-init[968]: |     + + . o  . o|
[   93.764350]          cloud-initStarting LXD - unix socket.[968]: 
|      + S   .  + |
[   93.872306] [cloud-init[0;32m  OK  [0m[968]: ] |     . o      + .|Reached target Cloud-config availability.

[[0;32m  OK  [0m] Reached target Network is Online.
[   93.872772] cloud-init[968]: |             . E.|
[   94.084280]          cloud-initStarting iSCSI initiator daemon (iscsid)...[968]: 
|            . O .|
[   94.212368] [cloud-init[0;32m  OK  [0m[968]: ] |             +.o |Listening on Socket activation for snappy daemon.

[[0;32m  OK  [0m] Listening on LXD - unix socket.
[   94.212752] cloud-init[968]: +----[SHA256]-----+
[[0;32m  OK  [0m] Started iSCSI initiator daemon (iscsid).
[   94.460384] cloud-init[968]: Generating public/private ecdsa key pair.
[   94.672362]          cloud-initStarting Login to default iSCSI targets...[968]: 
Your identification has been saved in /etc/ssh/ssh_host_ecdsa_key.
[   94.864358] [cloud-init[0;32m  OK  [0m[968]: ] Your public key has been saved in /etc/ssh/ssh_host_ecdsa_key.pub.Reached target Sockets.

[   95.028455] [cloud-init[0;32m  OK  [0m[968]: ] The key fingerprint is:Reached target Basic System.

[   95.029101] cloud-init[968]: SHA256:kIFHiJo6u4SfLlmLSaSqK3oVXv9Xi8YhKQpxZ2ycDBw root@ubuntu-xenial
[   95.244423]          cloud-initStarting /etc/rc.local Compatibility...[968]: 
The key's randomart image is:
[   95.244821] cloud-init[968]: +---[ECDSA 256]---+
[   95.412368] [cloud-init[0;32m  OK  [0m[968]: ] |   . =E.         |Started D-Bus System Message Bus.

[   95.412827] cloud-init[968]: |  . o +o         |
         Starting LSB: MD monitoring daemon...
[   95.737014] cloud-init[968]: | o   .o= .       |
[   95.863733]          cloud-initStarting LXD - container startup/shutdown...[968]: 
|o.  o o.O        |
[[0;32m  OK  [0m] Started Unattended Upgrades Shutdown.
[   96.028374] cloud-init[968]: |+  . = =S  .     |
         Starting LSB: Record successful boot for GRUB...
[   96.164383] cloud-init[968]: |=.. +   o o . .  |
[   96.420282]          cloud-initStarting Apply the settings specified in cloud-config...[968]: 
|+O o . . o o + . |
         Starting Snappy daemon...
[   96.527019] cloud-init[968]: |X.o.  .   . = .  |
[[0;32m  OK  [0m] Started Regular background program processing daemon.
[   96.626860] cloud-init[968]: |O*+        o     |
[[0;32m  OK  [0m] Started FUSE filesystem for LXC.
[   96.782943] cloud-init[968]: +----[SHA256]-----+
         Starting Accounts Service...
[   96.942643] cloud-init[968]: Generating public/private ed25519 key pair.
[[0;32m  OK  [0m] Started Deferred execution scheduler.
[   97.064871] cloud-init[968]: Your identification has been saved in /etc/ssh/ssh_host_ed25519_key.
[   97.145339] cloud-init[968]: Your public key has been saved in /etc/ssh/ssh_host_ed25519_key.pub.
[[0;32m  OK  [0m] Started ACPI event daemon.
[   97.317207] cloud-init[968]: The key fingerprint is:
         Starting System Logging Service...
[   97.580886] cloud-init[968]: SHA256:/qKnilfwaneRjBnixOT9IN1CPQTgPzuAlZaGzFvo7cg root@ubuntu-xenial
[   97.809850]          Starting Login Service...
cloud-init[968]: The key's randomart image is:
         Starting Pollinate to seed the pseudo random number generator...
[[0;32m  OK  [0m] Started Snappy daemon.
[[0;32m  OK  [0m] Started System Logging Service.
[   97.954797] cloud-init[968]: +--[ED25519 256]--+
[   98.188886] [cloud-init[0;32m  OK  [0m[968]: ] |    ...+.        |Started /etc/rc.local Compatibility.

[   98.189244] cloud-init[968]: | o +.o. o        |
[   98.420374] [cloud-init[0;32m  OK  [0m[968]: ] |  =+O+ . .       |Started LXD - container startup/shutdown.

[   98.420728] cloud-init[968]: | . OB.* .        |
[   98.608848] [cloud-init[0;32m  OK  [0m[968]: ] |  +oo=oOS.       |Started Apply the settings specified in cloud-config.

[   98.609240] cloud-init[968]: | . o..=+=        |
[   98.784441] [cloud-init[0;32m  OK  [0m[968]: ] |  E .oo ..       |Started Pollinate to seed the pseudo random number generator.

[   98.964758] cloud-init[968]: |   .+ ..+.       |
[   99.020423] [cloud-init[0;32m  OK  [0m[968]: ] |  .o.oo= ..      |Started Login to default iSCSI targets.

[   99.020770] cloud-init[968]: +----[SHA256]-----+
[[0;32m  OK  [0m] Started LSB: MD monitoring daemon.
[   99.198928] cloud-init[1092]: Generating locales (this might take a while)...
[   99.348434] [cloud-init[0;32m  OK  [0m[1092]: ]   en_US.UTF-8... doneStarted LSB: Record successful boot for GRUB.

[   99.348926] cloud-init[1092]: Generation complete.
[   99.574701] cloud-init[1092]: Cloud-init v. 17.2 running 'modules:config' at Fri, 23 Mar 2018 02:06:06 +0000. Up 96.55 seconds.
[[0;32m  OK  [0m] Started Login Service.
         Starting Authenticate and Authorize Users to Run Privileged Tasks...
[[0;32m  OK  [0m] Reached target Remote File Systems (Pre).
[[0;32m  OK  [0m] Reached target Remote File Systems.
         Starting LSB: automatic crash report generation...
         Starting Permit User Sessions...
         Starting LSB: VirtualBox Linux Additions...
         Starting LSB: Set the CPU Frequency Scaling governor to "ondemand"...
         Starting LSB: daemon to balance interrupts for SMP systems...
         Starting OpenBSD Secure Shell server...
[[0;32m  OK  [0m] Started OpenBSD Secure Shell server.
[[0;32m  OK  [0m] Started Permit User Sessions.
[[0;32m  OK  [0m] Started Authenticate and Authorize Users to Run Privileged Tasks.
[[0;32m  OK  [0m] Started Accounts Service.
[[0;32m  OK  [0m] Created slice User Slice of vagrant.
         Starting User Manager for UID 1000...
[[0;32m  OK  [0m] Started Session 1 of user vagrant.
         Starting Terminate Plymouth Boot Screen...
         Starting Hold until boot process finishes up...
[[0;32m  OK  [0m] Started User Manager for UID 1000.
[[0;32m  OK  [0m] Started LSB: automatic crash report generation.
[[0;32m  OK  [0m] Started LSB: VirtualBox Linux Additions.
[[0;32m  OK  [0m] Started LSB: Set the CPU Frequency Scaling governor to "ondemand".
[[0;32m  OK  [0m] Started LSB: daemon to balance interrupts for SMP systems.
[[0;32m  OK  [0m] Started Terminate Plymouth Boot Screen.
[[0;32m  OK  [0m] Started Hold until boot process finishes up.
[[0;32m  OK  [0m] Started Serial Getty on ttyS0.
         Starting Set console scheme...
[[0;32m  OK  [0m] Started Getty on tty1.
[[0;32m  OK  [0m] Reached target Login Prompts.
[[0;32m  OK  [0m] Reached target Multi-User System.
         Starting Execute cloud user/final scripts...
[[0;32m  OK  [0m] Reached target Graphical Interface.
         Starting Update UTMP about System Runlevel Changes...
ci-info: no authorized ssh keys fingerprints found for user ubuntu.
[[0;32m  OK  [0m] Started Set console scheme.
<14>Mar 23 02:06:13 ec2: 
<14>Mar 23 02:06:13 ec2: #############################################################
<14>Mar 23 02:06:13 ec2: -----BEGIN SSH HOST KEY FINGERPRINTS-----
<14>Mar 23 02:06:13 ec2: 1024 SHA256:YjEvJJd1WvuQ8BVJjSnhlg1LX3FMXeN5a+zsrBzXY1o root@ubuntu-xenial (DSA)
<14>Mar 23 02:06:13 ec2: 256 SHA256:kIFHiJo6u4SfLlmLSaSqK3oVXv9Xi8YhKQpxZ2ycDBw root@ubuntu-xenial (ECDSA)
<14>Mar 23 02:06:13 ec2: 256 SHA256:/qKnilfwaneRjBnixOT9IN1CPQTgPzuAlZaGzFvo7cg root@ubuntu-xenial (ED25519)
<14>Mar 23 02:06:13 ec2: 2048 SHA256:dryHmJarreUp/kNQPnrGUUmFUORrIzIFO1lsG+/OemE root@ubuntu-xenial (RSA)
<14>Mar 23 02:06:13 ec2: -----END SSH HOST KEY FINGERPRINTS-----
<14>Mar 23 02:06:13 ec2: #############################################################
-----BEGIN SSH HOST KEY KEYS-----
ecdsa-sha2-nistp256 AAAAE2VjZHNhLXNoYTItbmlzdHAyNTYAAAAIbmlzdHAyNTYAAABBBBGjvHziC5KH1FI5Yo/y0fATlBPTAgkdwmm6Of6bFM26UJgHH64oYTl95JxTvtMptwXslxnB92TibYEdkdFWBj0= root@ubuntu-xenial
ssh-ed25519 AAAAC3NzaC1lZDI1NTE5AAAAIFcRrxQA295nZ0kmgRz1kJuFnB0YATiQ7ogzJogHp5h6 root@ubuntu-xenial
ssh-rsa AAAAB3NzaC1yc2EAAAADAQABAAABAQDAAuyLzmRDHZH2khFpc6ueisSFgMbefsUmeuOLWMUeUha0ZEQtyKiScKN1nxO5R+BSEkqtQzWam+Us/+WPLCko2hBf1gxae36mUcls18ZOfgyKsMKre6RmL4kUjvS8VchL6BKg0BCXKqG/7/doBH+miVixPAFvSouFD6dNcKuHsxd7iDlVI32DPRxvYirg7xYfJetoy8dztZ5S8ga6tRnq53o9H3RGXk1PbdF1lATcOhA7oCCJA7KfrBF84FxhXayYUCz+tv5wPSeBXrxBRmTzvSer2xAU7faoJy0d+SIl3G0PapVSFDCGZaoFZatkAcYq51lp3BeG1GELMpVkicmV root@ubuntu-xenial
-----END SSH HOST KEY KEYS-----
[[0;32m  OK  [0m] Started Update UTMP about System Runlevel Changes.
[[0;32m  OK  [0m] Started Execute cloud user/final scripts.
[  104.688178] cloud-init[1328]: Cloud-init v. 17.2 running 'modules:final' at Fri, 23 Mar 2018 02:06:12 +0000. Up 102.58 seconds.
[  105.020457] [cloud-init[0;32m  OK  [0m[1328]: ] ci-info: no authorized ssh keys fingerprints found for user ubuntu.Reached target Cloud-init target.

[  105.021173] cloud-init[1328]: Cloud-init v. 17.2 finished at Fri, 23 Mar 2018 02:06:14 +0000. Datasource DataSourceNoCloud [seed=/dev/sdb][dsmode=net].  Up 104.67 seconds

Ubuntu 16.04.4 LTS ubuntu-xenial ttyS0

ubuntu-xenial login: 